<?xml version="1.0" encoding="utf-8" standalone="no"?>
<!--This file represents the results of running a test suite-->
<test-results name="Main.exe" total="16" failures="0" not-run="0" date="2017-04-25" time="16:46:09">
  <environment nunit-version="2.4.8.0" clr-version="4.0.30319.42000" os-version="Unix 15.6.0.0" platform="Unix" cwd="/Users/sandy/CodeClan/csharp_dot_net/week_1/day_4/composition/checkpoint_1_composition" machine-name="MacBook-Pro-7.local" user="sandy" user-domain="MacBook-Pro-7.local" />
  <culture-info current-culture="en-GB" current-uiculture="en-GB" />
  <test-suite name="Main.exe" success="True" time="0.028" asserts="0">
    <results>
      <test-suite name="WizardManagement" success="True" time="0.026" asserts="0">
        <results>
          <test-suite name="BroomstickTest" success="True" time="0.011" asserts="0">
            <results>
              <test-case name="WizardManagement.BroomstickTest.CanFly" executed="True" success="True" time="0.003" asserts="1" />
              <test-case name="WizardManagement.BroomstickTest.HasBrand" executed="True" success="True" time="0.000" asserts="1" />
              <test-case name="WizardManagement.BroomstickTest.HasSpeed" executed="True" success="True" time="0.001" asserts="1" />
            </results>
          </test-suite>
          <test-suite name="DragonTest" success="True" time="0.001" asserts="0">
            <results>
              <test-case name="WizardManagement.DragonTest.CanFly" executed="True" success="True" time="0.000" asserts="1" />
              <test-case name="WizardManagement.DragonTest.HasName" executed="True" success="True" time="0.000" asserts="1" />
            </results>
          </test-suite>
          <test-suite name="MagicCarpetTest" success="True" time="0.001" asserts="0">
            <results>
              <test-case name="WizardManagement.MagicCarpetTest.CanFly" executed="True" success="True" time="0.000" asserts="1" />
              <test-case name="WizardManagement.MagicCarpetTest.HasColour" executed="True" success="True" time="0.000" asserts="1" />
            </results>
          </test-suite>
          <test-suite name="MopTest" success="True" time="0.000" asserts="0">
            <results>
              <test-case name="WizardManagement.MopTest.HasBrand" executed="True" success="True" time="0.000" asserts="1" />
            </results>
          </test-suite>
          <test-suite name="OgreTest" success="True" time="0.000" asserts="0">
            <results>
              <test-case name="WizardManagement.OgreTest.HasName" executed="True" success="True" time="0.000" asserts="1" />
            </results>
          </test-suite>
          <test-suite name="RugTest" success="True" time="0.000" asserts="0">
            <results>
              <test-case name="WizardManagement.RugTest.HasColour" executed="True" success="True" time="0.000" asserts="1" />
            </results>
          </test-suite>
          <test-suite name="WizardTest" success="True" time="0.003" asserts="0">
            <results>
              <test-case name="WizardManagement.WizardTest.CanFly" executed="True" success="True" time="0.000" asserts="1" />
              <test-case name="WizardManagement.WizardTest.CanFlyDragon" executed="True" success="True" time="0.000" asserts="1" />
              <test-case name="WizardManagement.WizardTest.CanFlyMagicCarpet" executed="True" success="True" time="0.000" asserts="1" />
              <test-case name="WizardManagement.WizardTest.CanSetRide" executed="True" success="True" time="0.000" asserts="1" />
              <test-case name="WizardManagement.WizardTest.HasBroomstick" executed="True" success="True" time="0.000" asserts="1" />
              <test-case name="WizardManagement.WizardTest.HasName" executed="True" success="True" time="0.000" asserts="1" />
            </results>
          </test-suite>
        </results>
      </test-suite>
    </results>
  </test-suite>
</test-results>